[(System) 2014-11-29 16:33:41] INFO: Launching Bot TestBot...
[(System) 2014-11-29 16:42:34] INFO: Launching Bot TestBot...
[(System) 2014-11-29 16:44:44] INFO: Launching Bot TestBot...
[(System) 2014-11-29 16:45:44] INFO: Launching Bot TestBot...
[(System) 2014-11-29 16:47:12] INFO: Launching Bot TestBot...
[(System) 2014-11-29 16:50:03] INFO: Launching Bot TestBot...
[(System) 2014-11-29 16:51:07] DEBUG: Killing bot process 0.
[(System) 2014-11-29 16:51:10] DEBUG: Starting bot at index 0.
[(System) 2014-11-29 16:51:30] INFO: Launching Bot NSA 2.0...
[(System) 2014-11-29 16:51:34] DEBUG: Starting bot at index 0.
[(System) 2014-11-29 16:52:01] DEBUG: Starting bot at index 0.
[(System) 2014-11-29 16:57:41] INFO: Launching Bot NSA 2.0...
[(System) 2014-11-29 16:57:52] DEBUG: Starting bot at index 0.
[(System) 2014-11-29 16:58:12] DEBUG: Starting bot at index 0.
[(System) 2014-11-29 16:58:25] INFO: Launching Bot NSA 2.0...
[(System) 2014-11-29 16:58:37] DEBUG: Starting bot at index 0.
[(System) 2014-11-29 16:58:46] DEBUG: Starting bot at index 0.
[(System) 2014-11-29 16:59:38] INFO: Launching Bot NSA 2.0...
[(System) 2014-11-29 16:59:46] DEBUG: Starting bot at index 0.
[(System) 2014-11-29 17:00:20] DEBUG: Starting bot at index 0.
[(System) 2014-11-29 17:01:42] DEBUG: Starting bot at index 0.
[(System) 2014-11-29 17:01:53] INFO: Launching Bot NSA 2.0...
[(System) 2014-11-29 17:01:57] DEBUG: Starting bot at index 0.
[(System) 2014-11-29 17:05:34] INFO: Launching Bot NSA 2.0...
[(System) 2014-11-29 17:05:39] DEBUG: Starting bot at index 0.
[(System) 2014-11-29 17:16:31] INFO: Launching Bot NSA 2.0...
[(System) 2014-11-29 17:16:39] DEBUG: Starting bot at index 0.
[(System) 2014-11-29 17:16:41] DEBUG: Starting bot at index 0.
[(System) 2014-11-29 17:16:53] DEBUG: Starting bot at index 0.
[(System) 2014-11-29 17:17:38] DEBUG: Starting bot at index 0.
[(System) 2014-11-29 17:18:44] DEBUG: Starting bot at index 0.
[(System) 2014-11-29 17:19:28] INFO: Launching Bot NSA 2.0...
[(System) 2014-11-29 17:19:34] DEBUG: Starting bot at index 0.
[(System) 2014-11-29 17:19:42] INFO: Launching Bot NSA 2.0...
[(System) 2014-11-29 17:19:47] DEBUG: Starting bot at index 0.
[(System) 2014-11-29 17:20:58] DEBUG: Starting bot at index 0.
[(System) 2014-11-29 17:21:54] INFO: Launching Bot NSA 2.0...
[(System) 2014-11-29 17:21:58] DEBUG: Starting bot at index 0.
[(System) 2014-11-29 17:23:12] INFO: Launching Bot NSA 2.0...
[(System) 2014-11-29 17:23:16] DEBUG: Starting bot at index 0.
[(System) 2014-11-29 17:23:58] INFO: Launching Bot NSA 2.0...
[(System) 2014-11-29 17:24:06] DEBUG: Starting bot at index 0.
[(System) 2014-11-29 17:24:56] INFO: Launching Bot NSA 2.0...
[(System) 2014-11-29 17:25:05] DEBUG: Starting bot at index 0.
[(System) 2014-11-29 17:37:50] INFO: Launching Bot NSA 2.0...
[(System) 2014-11-29 17:37:55] DEBUG: Starting bot at index 0.
[(System) 2014-11-29 18:01:50] DEBUG: Sending command "joinchat(1)" to Bot at index 0
[(System) 2014-11-29 18:03:04] DEBUG: Sending command "JoinChat(103582791430809933)" to Bot at index 0
[(System) 2014-11-29 18:03:24] DEBUG: Sending command "Bot.SteamFriendsJoinChat(103582791430809933)" to Bot at index 0
[(System) 2014-11-29 18:03:34] DEBUG: Sending command "Bot.SteamFriends.JoinChat(103582791430809933)" to Bot at index 0
[(System) 2014-11-29 18:03:38] DEBUG: Sending command "Bot.SteamFriends.JoinChat(103582791430809933);" to Bot at index 0
[(System) 2014-11-29 18:03:46] DEBUG: Sending command "SteamFriends.JoinChat(103582791430809933);" to Bot at index 0
[(System) 2014-11-29 18:06:26] DEBUG: Sending command "quit" to Bot at index 0
[(System) 2014-11-29 18:06:32] DEBUG: Sending command "say hi" to Bot at index 0
[(System) 2014-11-29 18:09:29] DEBUG: Sending command "SteamFriends.JoinChat(103582791430809933);" to Bot at index 0
[(System) 2014-11-29 18:09:41] DEBUG: Sending command "SteamFriends.JoinChat('103582791430809933');" to Bot at index 0
[(System) 2014-11-29 18:09:47] DEBUG: Sending command "SteamFriends.JoinChat("103582791430809933");" to Bot at index 0
[(System) 2014-11-29 18:11:15] DEBUG: Sending command "GetPersonaName();" to Bot at index 0
[(System) 2014-11-29 18:11:31] DEBUG: Sending command "GetFriendCount();" to Bot at index 0
[(System) 2014-11-29 18:12:51] DEBUG: Sending command "JoinChat(103582791430809933)" to Bot at index 0
[(System) 2014-11-29 18:16:27] DEBUG: Sending command ".join eurotft" to Bot at index 0
[(System) 2014-11-29 18:16:41] DEBUG: Sending command ".join kfbros" to Bot at index 0
[(System) 2014-11-29 18:20:49] DEBUG: Sending command "stop" to Bot at index 0
[(System) 2014-11-29 18:20:56] DEBUG: Killing bot process 0.
[(System) 2014-11-29 18:20:59] DEBUG: Starting bot at index 0.
[(System) 2014-11-29 18:21:08] DEBUG: Killing bot process 0.
[(System) 2014-11-29 18:21:16] DEBUG: Sending command "start" to Bot at index 0
[(System) 2014-11-29 18:21:16] WARN: Bot at index 0 is not running. Use the 'Start' command first
[(System) 2014-11-29 18:21:22] DEBUG: Starting bot at index 0.
[(System) 2014-11-29 18:30:05] DEBUG: Sending command "add" to Bot at index 0
[(System) 2014-11-29 18:33:45] DEBUG: Sending command ""SteamFriends.JoinChat(" to Bot at index 0
[(System) 2014-11-29 18:33:56] DEBUG: Sending command "SteamFriends.JoinChat(103582791430809933)" to Bot at index 0
[(System) 2014-11-29 18:34:09] DEBUG: Sending command "SteamFriends.LeaveChat(103582791430809933)" to Bot at index 0
[(System) 2014-11-29 18:35:11] DEBUG: Sending command ""SteamFriends.LeaveChat(103582791430809933)"" to Bot at index 0
[(System) 2014-11-29 18:35:20] DEBUG: Sending command "SteamFriends.LeaveChat(103582791430809933)" to Bot at index 0
[(System) 2014-11-29 18:35:47] DEBUG: Sending command "SetPersonaName(herp)" to Bot at index 0
[(System) 2014-11-29 18:35:56] DEBUG: Sending command "SetPersonaName" to Bot at index 0
[(System) 2014-11-29 18:35:59] DEBUG: Sending command "SetPersonaName herp" to Bot at index 0
[(System) 2014-11-29 18:54:22] INFO: Launching Bot NSA 2.0...
[(System) 2014-11-29 18:54:26] DEBUG: Starting bot at index 0.
[(System) 2014-11-29 18:54:58] DEBUG: Starting bot at index 0.
[(System) 2014-11-29 18:55:23] INFO: Launching Bot NSA 2.0...
[(System) 2014-11-29 18:55:28] DEBUG: Starting bot at index 0.
[(System) 2014-11-29 18:55:34] INFO: Launching Bot NSA 2.0...
[(System) 2014-11-29 18:55:39] INFO: Launching Bot NSA 2.0...
[(System) 2014-11-29 18:55:44] INFO: Launching Bot NSA 2.0...
[(System) 2014-11-29 18:55:57] INFO: Launching Bot NSA 2.0...
[(System) 2014-11-29 18:57:27] DEBUG: Sending command "stopbot" to Bot at index 0
[(System) 2014-11-29 18:57:34] DEBUG: Sending command "StopBot" to Bot at index 0
[(System) 2014-11-29 18:57:38] DEBUG: Sending command "StopBot(0)" to Bot at index 0
[(System) 2014-11-29 19:01:09] INFO: Launching Bot NSA 2.0...
[(System) 2014-11-29 19:01:15] DEBUG: Starting bot at index 0.
[(System) 2014-11-29 19:02:23] DEBUG: Starting bot at index 0.
[(System) 2014-11-29 19:03:39] INFO: Launching Bot NSA 2.0...
[(System) 2014-11-29 19:03:42] DEBUG: Starting bot at index 0.
[(System) 2014-11-29 19:04:27] DEBUG: Sending command "joinchat" to Bot at index 0
[(System) 2014-11-29 19:04:51] DEBUG: Sending command "JoinBAChat" to Bot at index 0
[(System) 2014-11-29 19:05:04] DEBUG: Sending command "help" to Bot at index 0
[(System) 2014-11-29 19:07:05] INFO: Launching Bot NSA 2.0...
[(System) 2014-11-29 19:07:08] DEBUG: Starting bot at index 0.
[(System) 2014-11-29 19:07:12] INFO: Launching Bot NSA 2.0...
[(System) 2014-11-29 19:07:14] DEBUG: Starting bot at index 0.
[(System) 2014-11-29 19:07:15] DEBUG: Starting bot at index 0.
[(System) 2014-11-29 19:07:16] DEBUG: Starting bot at index 0.
[(System) 2014-11-29 19:07:16] DEBUG: Starting bot at index 0.
[(System) 2014-11-29 19:07:16] DEBUG: Starting bot at index 0.
[(System) 2014-11-29 19:07:16] DEBUG: Starting bot at index 0.
[(System) 2014-11-29 19:07:18] DEBUG: Starting bot at index 0.
[(System) 2014-11-29 19:07:23] DEBUG: Starting bot at index 0.
[(System) 2014-11-29 19:08:01] DEBUG: Starting bot at index 0.
[(System) 2014-11-29 19:08:05] INFO: Launching Bot NSA 2.0...
[(System) 2014-11-29 19:08:34] INFO: Launching Bot NSA 2.0...
[(System) 2014-11-29 19:08:43] DEBUG: Starting bot at index 0.
[(System) 2014-11-29 19:09:15] DEBUG: Starting bot at index 0.
[(System) 2014-11-29 19:11:21] INFO: Launching Bot NSA 2.0...
[(System) 2014-11-29 19:11:25] DEBUG: Starting bot at index 0.
[(System) 2014-11-29 19:12:06] DEBUG: Sending command "JoinAChat" to Bot at index 0
[(System) 2014-11-29 19:12:16] DEBUG: Sending command "JoinAChat()" to Bot at index 0
[(System) 2014-11-29 19:12:28] DEBUG: Sending command "OnLoginCompleted()" to Bot at index 0
[(System) 2014-11-29 19:12:30] DEBUG: Sending command "OnLoginCompleted" to Bot at index 0
[(System) 2014-11-29 19:14:06] INFO: Launching Bot NSA 2.0...
[(System) 2014-11-29 19:14:09] DEBUG: Starting bot at index 0.
[(System) 2014-11-29 19:14:27] DEBUG: Sending command "JoinAChat" to Bot at index 0
[(System) 2014-11-29 19:14:34] DEBUG: Sending command "JoinAChat()" to Bot at index 0
[(System) 2014-11-29 19:19:12] INFO: Launching Bot NSA 2.0...
[(System) 2014-11-29 19:19:18] DEBUG: Starting bot at index 0.
[(System) 2014-11-29 19:20:00] DEBUG: Sending command "JoinAChat" to Bot at index 0
[(System) 2014-11-29 19:20:03] DEBUG: Sending command "JoinAChat()" to Bot at index 0
[(System) 2014-11-29 20:09:40] INFO: Launching Bot NSA 2.0...
[(System) 2014-11-29 20:09:43] DEBUG: Starting bot at index 0.
[(System) 2014-11-29 20:10:12] DEBUG: Starting bot at index 0.
[(System) 2014-11-29 20:20:48] INFO: Launching Bot NSA 2.0...
[(System) 2014-11-29 20:20:50] DEBUG: Starting bot at index 0.
[(System) 2014-11-29 20:21:08] DEBUG: Starting bot at index 0.
[(System) 2014-11-29 20:21:11] INFO: Launching Bot NSA 2.0...
[(System) 2014-11-29 20:21:23] DEBUG: Starting bot at index 0.
[(System) 2014-11-29 20:22:00] INFO: Launching Bot NSA 2.0...
[(System) 2014-11-29 20:24:19] INFO: Launching Bot NSA 2.0...
[(System) 2014-11-29 20:24:28] DEBUG: Starting bot at index 0.
[(System) 2014-11-29 20:29:35] INFO: Launching Bot NSA 2.0...
[(System) 2014-11-29 20:30:52] INFO: Launching Bot NSA 2.0...
[(System) 2014-11-29 20:31:00] INFO: Launching Bot NSA 2.0...
[(System) 2014-11-29 20:31:03] DEBUG: Starting bot at index 0.
[(System) 2014-11-29 21:11:18] INFO: Launching Bot NSA 2.0...
[(System) 2014-11-29 21:17:59] INFO: Launching Bot NSA 2.0...
[(System) 2014-11-29 21:26:18] INFO: Launching Bot NSA 2.0...
[(System) 2014-11-29 22:31:56] INFO: Launching Bot NSA 2.0...
[(System) 2014-11-29 22:33:23] DEBUG: Starting bot at index 0.
[(System) 2014-11-29 22:34:05] DEBUG: Starting bot at index 0.
[(System) 2014-11-29 22:34:49] INFO: Launching Bot NSA 2.0...
[(System) 2014-11-29 22:34:52] DEBUG: Starting bot at index 0.
[(System) 2014-12-01 18:24:47] INFO: Launching Bot NSA 2.0...
[(System) 2014-12-01 18:26:28] INFO: Launching Bot NSA 2.0...
[(System) 2014-12-01 18:27:19] INFO: Launching Bot NSA 2.0...
[(System) 2014-12-01 18:30:40] INFO: Launching Bot NSA 2.0...
[(System) 2014-12-01 18:38:21] INFO: Launching Bot NSA 2.0...
[(System) 2014-12-01 18:43:03] INFO: Launching Bot NSA 2.0...
[(System) 2014-12-01 18:53:09] INFO: Launching Bot NSA 2.0...
[(System) 2014-12-01 19:11:10] INFO: Launching Bot NSA 2.0...
[(System) 2014-12-01 19:20:30] INFO: Launching Bot NSA 2.0...
[(System) 2014-12-01 19:25:59] INFO: Launching Bot NSA 2.0...
[(System) 2014-12-01 19:30:46] INFO: Launching Bot NSA 2.0...
[(System) 2014-12-01 19:33:05] INFO: Launching Bot NSA 2.0...
[(System) 2014-12-01 19:33:53] INFO: Launching Bot NSA 2.0...
[(System) 2014-12-01 19:35:13] INFO: Launching Bot NSA 2.0...
[(System) 2014-12-01 19:38:25] INFO: Launching Bot NSA 2.0...
[(System) 2014-12-01 19:39:22] INFO: Launching Bot NSA 2.0...
[(System) 2014-12-01 19:42:22] INFO: Launching Bot NSA 2.0...
[(System) 2014-12-01 19:45:01] INFO: Launching Bot NSA 2.01...
[(System) 2014-12-01 19:46:24] INFO: Launching Bot NSA 2.01...
[(System) 2014-12-01 19:48:26] INFO: Launching Bot NSA 2.01...
[(System) 2014-12-01 19:48:58] INFO: Launching Bot NSA 2.01...
[(System) 2014-12-01 19:50:12] INFO: Launching Bot NSA 2.01...
[(System) 2014-12-01 19:51:38] INFO: Launching Bot NSA 2.01...
[(System) 2014-12-01 19:53:36] INFO: Launching Bot NSA 2.01...
[(System) 2014-12-01 19:54:55] INFO: Launching Bot NSA 2.01...
[(System) 2014-12-01 19:56:52] INFO: Launching Bot NSA 2.01...
[(System) 2014-12-01 19:58:18] INFO: Launching Bot NSA 2.01...
[(System) 2014-12-01 19:59:19] INFO: Launching Bot NSA 2.01...
[(System) 2014-12-01 19:59:57] INFO: Launching Bot NSA 2.01...
